app/build/intermediates/manifest_merge_blame_file/debug/processDebugMainManifest/manifest-merger-blame-debug-report.txt
1<?xml version="1.0" encoding="utf-8"?>
2<manifest xmlns:android="http://schemas.android.com/apk/res/android"
3    package="com.example.appadministrador"
4    android:versionCode="1"
5    android:versionName="1.0" >
6
7    <uses-sdk
8        android:minSdkVersion="27"
9        android:targetSdkVersion="35" />
10
11    <uses-permission android:name="android.permission.INTERNET" />
11-->src\main\AndroidManifest.xml:5:5-67
11-->src\main\AndroidManifest.xml:5:22-64
12    <uses-permission android:name="android.permission.ACCESS_NETWORK_STATE" />
12-->[com.google.firebase:firebase-auth:23.1.0] AndroidManifest.xml:26:5-79
12-->[com.google.firebase:firebase-auth:23.1.0] AndroidManifest.xml:26:22-76
13    <uses-permission android:name="com.google.android.providers.gsf.permission.READ_GSERVICES" />
13-->[com.google.android.recaptcha:recaptcha:18.5.1] AndroidManifest.xml:9:5-98
13-->[com.google.android.recaptcha:recaptcha:18.5.1] AndroidManifest.xml:9:22-95
14    <uses-permission android:name="android.permission.WAKE_LOCK" />
14-->[com.google.android.gms:play-services-measurement-api:22.2.0] AndroidManifest.xml:24:5-68
14-->[com.google.android.gms:play-services-measurement-api:22.2.0] AndroidManifest.xml:24:22-65
15    <uses-permission android:name="com.google.android.gms.permission.AD_ID" />
15-->[com.google.android.gms:play-services-measurement-api:22.2.0] AndroidManifest.xml:25:5-79
15-->[com.google.android.gms:play-services-measurement-api:22.2.0] AndroidManifest.xml:25:22-76
16    <uses-permission android:name="android.permission.ACCESS_ADSERVICES_ATTRIBUTION" />
16-->[com.google.android.gms:play-services-measurement-api:22.2.0] AndroidManifest.xml:26:5-88
16-->[com.google.android.gms:play-services-measurement-api:22.2.0] AndroidManifest.xml:26:22-85
17    <uses-permission android:name="android.permission.ACCESS_ADSERVICES_AD_ID" />
17-->[com.google.android.gms:play-services-measurement-api:22.2.0] AndroidManifest.xml:27:5-82
17-->[com.google.android.gms:play-services-measurement-api:22.2.0] AndroidManifest.xml:27:22-79
18    <uses-permission android:name="com.google.android.finsky.permission.BIND_GET_INSTALL_REFERRER_SERVICE" />
18-->[com.google.android.gms:play-services-measurement:22.2.0] AndroidManifest.xml:26:5-110
18-->[com.google.android.gms:play-services-measurement:22.2.0] AndroidManifest.xml:26:22-107
19
20    <permission
20-->[androidx.core:core:1.9.0] AndroidManifest.xml:22:5-24:47
21        android:name="com.example.appadministrador.DYNAMIC_RECEIVER_NOT_EXPORTED_PERMISSION"
21-->[androidx.core:core:1.9.0] AndroidManifest.xml:23:9-81
22        android:protectionLevel="signature" />
22-->[androidx.core:core:1.9.0] AndroidManifest.xml:24:9-44
23
24    <uses-permission android:name="com.example.appadministrador.DYNAMIC_RECEIVER_NOT_EXPORTED_PERMISSION" />
24-->[androidx.core:core:1.9.0] AndroidManifest.xml:26:5-97
24-->[androidx.core:core:1.9.0] AndroidManifest.xml:26:22-94
25
26    <application
26-->src\main\AndroidManifest.xml:7:5-38:19
27        android:allowBackup="true"
27-->src\main\AndroidManifest.xml:8:9-35
28        android:appComponentFactory="androidx.core.app.CoreComponentFactory"
28-->[androidx.core:core:1.9.0] AndroidManifest.xml:28:18-86
29        android:dataExtractionRules="@xml/data_extraction_rules"
29-->src\main\AndroidManifest.xml:9:9-65
30        android:debuggable="true"
31        android:extractNativeLibs="false"
32        android:fullBackupContent="@xml/backup_rules"
32-->src\main\AndroidManifest.xml:10:9-54
33        android:icon="@mipmap/ic_launcher"
33-->src\main\AndroidManifest.xml:11:9-43
34        android:label="@string/app_name"
34-->src\main\AndroidManifest.xml:12:9-41
35        android:roundIcon="@mipmap/ic_launcher_round"
35-->src\main\AndroidManifest.xml:13:9-54
36        android:supportsRtl="true"
36-->src\main\AndroidManifest.xml:14:9-35
37        android:testOnly="true"
38        android:theme="@style/Theme.AppAdministrador" >
38-->src\main\AndroidManifest.xml:15:9-54
39        <activity
39-->src\main\AndroidManifest.xml:17:9-19:40
40            android:name="com.example.appadministrador.RegistroActivity"
40-->src\main\AndroidManifest.xml:18:13-45
41            android:exported="false" />
41-->src\main\AndroidManifest.xml:19:13-37
42        <activity
42-->src\main\AndroidManifest.xml:20:9-28:20
43            android:name="com.example.appadministrador.LoginActivity"
43-->src\main\AndroidManifest.xml:21:13-42
44            android:exported="true" >
44-->src\main\AndroidManifest.xml:22:13-36
45            <intent-filter>
45-->src\main\AndroidManifest.xml:23:13-27:29
46                <action android:name="android.intent.action.MAIN" />
46-->src\main\AndroidManifest.xml:24:17-69
46-->src\main\AndroidManifest.xml:24:25-66
47
48                <category android:name="android.intent.category.LAUNCHER" />
48-->src\main\AndroidManifest.xml:26:17-77
48-->src\main\AndroidManifest.xml:26:27-74
49            </intent-filter>
50        </activity>
51        <activity
51-->src\main\AndroidManifest.xml:29:9-31:40
52            android:name="com.example.appadministrador.EditarRegistroActivity"
52-->src\main\AndroidManifest.xml:30:13-51
53            android:exported="false" />
53-->src\main\AndroidManifest.xml:31:13-37
54        <activity
54-->src\main\AndroidManifest.xml:32:9-34:40
55            android:name="com.example.appadministrador.DetalleRegistroActivity"
55-->src\main\AndroidManifest.xml:33:13-52
56            android:exported="false" />
56-->src\main\AndroidManifest.xml:34:13-37
57        <activity
57-->src\main\AndroidManifest.xml:35:9-37:49
58            android:name="com.example.appadministrador.MainActivity"
58-->src\main\AndroidManifest.xml:36:13-41
59            android:exported="false" />
59-->src\main\AndroidManifest.xml:37:13-37
60        <activity
60-->[com.google.firebase:firebase-auth:23.1.0] AndroidManifest.xml:29:9-46:20
61            android:name="com.google.firebase.auth.internal.GenericIdpActivity"
61-->[com.google.firebase:firebase-auth:23.1.0] AndroidManifest.xml:30:13-80
62            android:excludeFromRecents="true"
62-->[com.google.firebase:firebase-auth:23.1.0] AndroidManifest.xml:31:13-46
63            android:exported="true"
63-->[com.google.firebase:firebase-auth:23.1.0] AndroidManifest.xml:32:13-36
64            android:launchMode="singleTask"
64-->[com.google.firebase:firebase-auth:23.1.0] AndroidManifest.xml:33:13-44
65            android:theme="@android:style/Theme.Translucent.NoTitleBar" >
65-->[com.google.firebase:firebase-auth:23.1.0] AndroidManifest.xml:34:13-72
66            <intent-filter>
66-->[com.google.firebase:firebase-auth:23.1.0] AndroidManifest.xml:35:13-45:29
67                <action android:name="android.intent.action.VIEW" />
67-->[com.google.firebase:firebase-auth:23.1.0] AndroidManifest.xml:36:17-69
67-->[com.google.firebase:firebase-auth:23.1.0] AndroidManifest.xml:36:25-66
68
69                <category android:name="android.intent.category.DEFAULT" />
69-->[com.google.firebase:firebase-auth:23.1.0] AndroidManifest.xml:38:17-76
69-->[com.google.firebase:firebase-auth:23.1.0] AndroidManifest.xml:38:27-73
70                <category android:name="android.intent.category.BROWSABLE" />
70-->[com.google.firebase:firebase-auth:23.1.0] AndroidManifest.xml:39:17-78
70-->[com.google.firebase:firebase-auth:23.1.0] AndroidManifest.xml:39:27-75
71
72                <data
72-->[com.google.firebase:firebase-auth:23.1.0] AndroidManifest.xml:41:17-44:51
73                    android:host="firebase.auth"
73-->[com.google.firebase:firebase-auth:23.1.0] AndroidManifest.xml:42:21-49
74                    android:path="/"
74-->[com.google.firebase:firebase-auth:23.1.0] AndroidManifest.xml:43:21-37
75                    android:scheme="genericidp" />
75-->[com.google.firebase:firebase-auth:23.1.0] AndroidManifest.xml:44:21-48
76            </intent-filter>
77        </activity>
78        <activity
78-->[com.google.firebase:firebase-auth:23.1.0] AndroidManifest.xml:47:9-64:20
79            android:name="com.google.firebase.auth.internal.RecaptchaActivity"
79-->[com.google.firebase:firebase-auth:23.1.0] AndroidManifest.xml:48:13-79
80            android:excludeFromRecents="true"
80-->[com.google.firebase:firebase-auth:23.1.0] AndroidManifest.xml:49:13-46
81            android:exported="true"
81-->[com.google.firebase:firebase-auth:23.1.0] AndroidManifest.xml:50:13-36
82            android:launchMode="singleTask"
82-->[com.google.firebase:firebase-auth:23.1.0] AndroidManifest.xml:51:13-44
83            android:theme="@android:style/Theme.Translucent.NoTitleBar" >
83-->[com.google.firebase:firebase-auth:23.1.0] AndroidManifest.xml:52:13-72
84            <intent-filter>
84-->[com.google.firebase:firebase-auth:23.1.0] AndroidManifest.xml:53:13-63:29
85                <action android:name="android.intent.action.VIEW" />
85-->[com.google.firebase:firebase-auth:23.1.0] AndroidManifest.xml:36:17-69
85-->[com.google.firebase:firebase-auth:23.1.0] AndroidManifest.xml:36:25-66
86
87                <category android:name="android.intent.category.DEFAULT" />
87-->[com.google.firebase:firebase-auth:23.1.0] AndroidManifest.xml:38:17-76
87-->[com.google.firebase:firebase-auth:23.1.0] AndroidManifest.xml:38:27-73
88                <category android:name="android.intent.category.BROWSABLE" />
88-->[com.google.firebase:firebase-auth:23.1.0] AndroidManifest.xml:39:17-78
88-->[com.google.firebase:firebase-auth:23.1.0] AndroidManifest.xml:39:27-75
89
90                <data
90-->[com.google.firebase:firebase-auth:23.1.0] AndroidManifest.xml:41:17-44:51
91                    android:host="firebase.auth"
91-->[com.google.firebase:firebase-auth:23.1.0] AndroidManifest.xml:42:21-49
92                    android:path="/"
92-->[com.google.firebase:firebase-auth:23.1.0] AndroidManifest.xml:43:21-37
93                    android:scheme="recaptcha" />
93-->[com.google.firebase:firebase-auth:23.1.0] AndroidManifest.xml:44:21-48
94            </intent-filter>
95        </activity>
96
97        <service
97-->[com.google.firebase:firebase-auth:23.1.0] AndroidManifest.xml:66:9-72:19
98            android:name="com.google.firebase.components.ComponentDiscoveryService"
98-->[com.google.firebase:firebase-auth:23.1.0] AndroidManifest.xml:67:13-84
99            android:directBootAware="true"
99-->[com.google.firebase:firebase-common:21.0.0] AndroidManifest.xml:32:13-43
100            android:exported="false" >
100-->[com.google.firebase:firebase-auth:23.1.0] AndroidManifest.xml:68:13-37
101            <meta-data
101-->[com.google.firebase:firebase-auth:23.1.0] AndroidManifest.xml:69:13-71:85
102                android:name="com.google.firebase.components:com.google.firebase.auth.FirebaseAuthRegistrar"
102-->[com.google.firebase:firebase-auth:23.1.0] AndroidManifest.xml:70:17-109
103                android:value="com.google.firebase.components.ComponentRegistrar" />
103-->[com.google.firebase:firebase-auth:23.1.0] AndroidManifest.xml:71:17-82
104            <meta-data
104-->[com.google.firebase:firebase-database:21.0.0] AndroidManifest.xml:29:13-31:85
105                android:name="com.google.firebase.components:com.google.firebase.database.FirebaseDatabaseKtxRegistrar"
105-->[com.google.firebase:firebase-database:21.0.0] AndroidManifest.xml:30:17-120
106                android:value="com.google.firebase.components.ComponentRegistrar" />
106-->[com.google.firebase:firebase-database:21.0.0] AndroidManifest.xml:31:17-82
107            <meta-data
107-->[com.google.firebase:firebase-database:21.0.0] AndroidManifest.xml:32:13-34:85
108                android:name="com.google.firebase.components:com.google.firebase.database.DatabaseRegistrar"
108-->[com.google.firebase:firebase-database:21.0.0] AndroidManifest.xml:33:17-109
109                android:value="com.google.firebase.components.ComponentRegistrar" />
109-->[com.google.firebase:firebase-database:21.0.0] AndroidManifest.xml:34:17-82
110            <meta-data
110-->[com.google.firebase:firebase-firestore:25.1.2] AndroidManifest.xml:17:13-19:85
111                android:name="com.google.firebase.components:com.google.firebase.firestore.FirebaseFirestoreKtxRegistrar"
111-->[com.google.firebase:firebase-firestore:25.1.2] AndroidManifest.xml:18:17-122
112                android:value="com.google.firebase.components.ComponentRegistrar" />
112-->[com.google.firebase:firebase-firestore:25.1.2] AndroidManifest.xml:19:17-82
113            <meta-data
113-->[com.google.firebase:firebase-firestore:25.1.2] AndroidManifest.xml:20:13-22:85
114                android:name="com.google.firebase.components:com.google.firebase.firestore.FirestoreRegistrar"
114-->[com.google.firebase:firebase-firestore:25.1.2] AndroidManifest.xml:21:17-111
115                android:value="com.google.firebase.components.ComponentRegistrar" />
115-->[com.google.firebase:firebase-firestore:25.1.2] AndroidManifest.xml:22:17-82
116            <meta-data
116-->[com.google.android.gms:play-services-measurement-api:22.2.0] AndroidManifest.xml:33:13-35:85
117                android:name="com.google.firebase.components:com.google.firebase.analytics.connector.internal.AnalyticsConnectorRegistrar"
117-->[com.google.android.gms:play-services-measurement-api:22.2.0] AndroidManifest.xml:34:17-139
118                android:value="com.google.firebase.components.ComponentRegistrar" />
118-->[com.google.android.gms:play-services-measurement-api:22.2.0] AndroidManifest.xml:35:17-82
119            <meta-data
119-->[com.google.firebase:firebase-installations:18.0.0] AndroidManifest.xml:15:13-17:85
120                android:name="com.google.firebase.components:com.google.firebase.installations.FirebaseInstallationsKtxRegistrar"
120-->[com.google.firebase:firebase-installations:18.0.0] AndroidManifest.xml:16:17-130
121                android:value="com.google.firebase.components.ComponentRegistrar" />
121-->[com.google.firebase:firebase-installations:18.0.0] AndroidManifest.xml:17:17-82
122            <meta-data
122-->[com.google.firebase:firebase-installations:18.0.0] AndroidManifest.xml:18:13-20:85
123                android:name="com.google.firebase.components:com.google.firebase.installations.FirebaseInstallationsRegistrar"
123-->[com.google.firebase:firebase-installations:18.0.0] AndroidManifest.xml:19:17-127
124                android:value="com.google.firebase.components.ComponentRegistrar" />
124-->[com.google.firebase:firebase-installations:18.0.0] AndroidManifest.xml:20:17-82
125            <meta-data
125-->[com.google.firebase:firebase-common-ktx:21.0.0] AndroidManifest.xml:12:13-14:85
126                android:name="com.google.firebase.components:com.google.firebase.ktx.FirebaseCommonLegacyRegistrar"
126-->[com.google.firebase:firebase-common-ktx:21.0.0] AndroidManifest.xml:13:17-116
127                android:value="com.google.firebase.components.ComponentRegistrar" />
127-->[com.google.firebase:firebase-common-ktx:21.0.0] AndroidManifest.xml:14:17-82
128            <meta-data
128-->[com.google.firebase:firebase-common:21.0.0] AndroidManifest.xml:35:13-37:85
129                android:name="com.google.firebase.components:com.google.firebase.FirebaseCommonKtxRegistrar"
129-->[com.google.firebase:firebase-common:21.0.0] AndroidManifest.xml:36:17-109
130                android:value="com.google.firebase.components.ComponentRegistrar" />
130-->[com.google.firebase:firebase-common:21.0.0] AndroidManifest.xml:37:17-82
131        </service>
132        <service
132-->[androidx.credentials:credentials-play-services-auth:1.2.0-rc01] AndroidManifest.xml:24:9-32:19
133            android:name="androidx.credentials.playservices.CredentialProviderMetadataHolder"
133-->[androidx.credentials:credentials-play-services-auth:1.2.0-rc01] AndroidManifest.xml:25:13-94
134            android:enabled="true"
134-->[androidx.credentials:credentials-play-services-auth:1.2.0-rc01] AndroidManifest.xml:26:13-35
135            android:exported="false" >
135-->[androidx.credentials:credentials-play-services-auth:1.2.0-rc01] AndroidManifest.xml:27:13-37
136            <meta-data
136-->[androidx.credentials:credentials-play-services-auth:1.2.0-rc01] AndroidManifest.xml:29:13-31:104
137                android:name="androidx.credentials.CREDENTIAL_PROVIDER_KEY"
137-->[androidx.credentials:credentials-play-services-auth:1.2.0-rc01] AndroidManifest.xml:30:17-76
138                android:value="androidx.credentials.playservices.CredentialProviderPlayServicesImpl" />
138-->[androidx.credentials:credentials-play-services-auth:1.2.0-rc01] AndroidManifest.xml:31:17-101
139        </service>
140
141        <activity
141-->[androidx.credentials:credentials-play-services-auth:1.2.0-rc01] AndroidManifest.xml:34:9-41:20
142            android:name="androidx.credentials.playservices.HiddenActivity"
142-->[androidx.credentials:credentials-play-services-auth:1.2.0-rc01] AndroidManifest.xml:35:13-76
143            android:configChanges="orientation|screenSize|screenLayout|keyboardHidden"
143-->[androidx.credentials:credentials-play-services-auth:1.2.0-rc01] AndroidManifest.xml:36:13-87
144            android:enabled="true"
144-->[androidx.credentials:credentials-play-services-auth:1.2.0-rc01] AndroidManifest.xml:37:13-35
145            android:exported="false"
145-->[androidx.credentials:credentials-play-services-auth:1.2.0-rc01] AndroidManifest.xml:38:13-37
146            android:fitsSystemWindows="true"
146-->[androidx.credentials:credentials-play-services-auth:1.2.0-rc01] AndroidManifest.xml:39:13-45
147            android:theme="@style/Theme.Hidden" >
147-->[androidx.credentials:credentials-play-services-auth:1.2.0-rc01] AndroidManifest.xml:40:13-48
148        </activity>
149        <activity
149-->[com.google.android.gms:play-services-auth:20.7.0] AndroidManifest.xml:23:9-27:75
150            android:name="com.google.android.gms.auth.api.signin.internal.SignInHubActivity"
150-->[com.google.android.gms:play-services-auth:20.7.0] AndroidManifest.xml:24:13-93
151            android:excludeFromRecents="true"
151-->[com.google.android.gms:play-services-auth:20.7.0] AndroidManifest.xml:25:13-46
152            android:exported="false"
152-->[com.google.android.gms:play-services-auth:20.7.0] AndroidManifest.xml:26:13-37
153            android:theme="@android:style/Theme.Translucent.NoTitleBar" />
153-->[com.google.android.gms:play-services-auth:20.7.0] AndroidManifest.xml:27:13-72
154        <!--
155            Service handling Google Sign-In user revocation. For apps that do not integrate with
156            Google Sign-In, this service will never be started.
157        -->
158        <service
158-->[com.google.android.gms:play-services-auth:20.7.0] AndroidManifest.xml:33:9-37:51
159            android:name="com.google.android.gms.auth.api.signin.RevocationBoundService"
159-->[com.google.android.gms:play-services-auth:20.7.0] AndroidManifest.xml:34:13-89
160            android:exported="true"
160-->[com.google.android.gms:play-services-auth:20.7.0] AndroidManifest.xml:35:13-36
161            android:permission="com.google.android.gms.auth.api.signin.permission.REVOCATION_NOTIFICATION"
161-->[com.google.android.gms:play-services-auth:20.7.0] AndroidManifest.xml:36:13-107
162            android:visibleToInstantApps="true" />
162-->[com.google.android.gms:play-services-auth:20.7.0] AndroidManifest.xml:37:13-48
163
164        <provider
164-->[com.google.firebase:firebase-common:21.0.0] AndroidManifest.xml:23:9-28:39
165            android:name="com.google.firebase.provider.FirebaseInitProvider"
165-->[com.google.firebase:firebase-common:21.0.0] AndroidManifest.xml:24:13-77
166            android:authorities="com.example.appadministrador.firebaseinitprovider"
166-->[com.google.firebase:firebase-common:21.0.0] AndroidManifest.xml:25:13-72
167            android:directBootAware="true"
167-->[com.google.firebase:firebase-common:21.0.0] AndroidManifest.xml:26:13-43
168            android:exported="false"
168-->[com.google.firebase:firebase-common:21.0.0] AndroidManifest.xml:27:13-37
169            android:initOrder="100" />
169-->[com.google.firebase:firebase-common:21.0.0] AndroidManifest.xml:28:13-36
170        <provider
170-->[androidx.emoji2:emoji2:1.2.0] AndroidManifest.xml:24:9-32:20
171            android:name="androidx.startup.InitializationProvider"
171-->[androidx.emoji2:emoji2:1.2.0] AndroidManifest.xml:25:13-67
172            android:authorities="com.example.appadministrador.androidx-startup"
172-->[androidx.emoji2:emoji2:1.2.0] AndroidManifest.xml:26:13-68
173            android:exported="false" >
173-->[androidx.emoji2:emoji2:1.2.0] AndroidManifest.xml:27:13-37
174            <meta-data
174-->[androidx.emoji2:emoji2:1.2.0] AndroidManifest.xml:29:13-31:52
175                android:name="androidx.emoji2.text.EmojiCompatInitializer"
175-->[androidx.emoji2:emoji2:1.2.0] AndroidManifest.xml:30:17-75
176                android:value="androidx.startup" />
176-->[androidx.emoji2:emoji2:1.2.0] AndroidManifest.xml:31:17-49
177            <meta-data
177-->[androidx.lifecycle:lifecycle-process:2.6.1] AndroidManifest.xml:29:13-31:52
178                android:name="androidx.lifecycle.ProcessLifecycleInitializer"
178-->[androidx.lifecycle:lifecycle-process:2.6.1] AndroidManifest.xml:30:17-78
179                android:value="androidx.startup" />
179-->[androidx.lifecycle:lifecycle-process:2.6.1] AndroidManifest.xml:31:17-49
180            <meta-data
180-->[androidx.profileinstaller:profileinstaller:1.3.0] AndroidManifest.xml:29:13-31:52
181                android:name="androidx.profileinstaller.ProfileInstallerInitializer"
181-->[androidx.profileinstaller:profileinstaller:1.3.0] AndroidManifest.xml:30:17-85
182                android:value="androidx.startup" />
182-->[androidx.profileinstaller:profileinstaller:1.3.0] AndroidManifest.xml:31:17-49
183        </provider>
184
185        <receiver
185-->[com.google.android.gms:play-services-measurement:22.2.0] AndroidManifest.xml:29:9-33:20
186            android:name="com.google.android.gms.measurement.AppMeasurementReceiver"
186-->[com.google.android.gms:play-services-measurement:22.2.0] AndroidManifest.xml:30:13-85
187            android:enabled="true"
187-->[com.google.android.gms:play-services-measurement:22.2.0] AndroidManifest.xml:31:13-35
188            android:exported="false" >
188-->[com.google.android.gms:play-services-measurement:22.2.0] AndroidManifest.xml:32:13-37
189        </receiver>
190
191        <service
191-->[com.google.android.gms:play-services-measurement:22.2.0] AndroidManifest.xml:35:9-38:40
192            android:name="com.google.android.gms.measurement.AppMeasurementService"
192-->[com.google.android.gms:play-services-measurement:22.2.0] AndroidManifest.xml:36:13-84
193            android:enabled="true"
193-->[com.google.android.gms:play-services-measurement:22.2.0] AndroidManifest.xml:37:13-35
194            android:exported="false" />
194-->[com.google.android.gms:play-services-measurement:22.2.0] AndroidManifest.xml:38:13-37
195        <service
195-->[com.google.android.gms:play-services-measurement:22.2.0] AndroidManifest.xml:39:9-43:72
196            android:name="com.google.android.gms.measurement.AppMeasurementJobService"
196-->[com.google.android.gms:play-services-measurement:22.2.0] AndroidManifest.xml:40:13-87
197            android:enabled="true"
197-->[com.google.android.gms:play-services-measurement:22.2.0] AndroidManifest.xml:41:13-35
198            android:exported="false"
198-->[com.google.android.gms:play-services-measurement:22.2.0] AndroidManifest.xml:42:13-37
199            android:permission="android.permission.BIND_JOB_SERVICE" />
199-->[com.google.android.gms:play-services-measurement:22.2.0] AndroidManifest.xml:43:13-69
200
201        <uses-library
201-->[androidx.privacysandbox.ads:ads-adservices:1.0.0-beta05] AndroidManifest.xml:23:9-25:40
202            android:name="android.ext.adservices"
202-->[androidx.privacysandbox.ads:ads-adservices:1.0.0-beta05] AndroidManifest.xml:24:13-50
203            android:required="false" />
203-->[androidx.privacysandbox.ads:ads-adservices:1.0.0-beta05] AndroidManifest.xml:25:13-37
204
205        <activity
205-->[com.google.android.gms:play-services-base:18.5.0] AndroidManifest.xml:5:9-173
206            android:name="com.google.android.gms.common.api.GoogleApiActivity"
206-->[com.google.android.gms:play-services-base:18.5.0] AndroidManifest.xml:5:19-85
207            android:exported="false"
207-->[com.google.android.gms:play-services-base:18.5.0] AndroidManifest.xml:5:146-170
208            android:theme="@android:style/Theme.Translucent.NoTitleBar" />
208-->[com.google.android.gms:play-services-base:18.5.0] AndroidManifest.xml:5:86-145
209
210        <meta-data
210-->[com.google.android.gms:play-services-basement:18.5.0] AndroidManifest.xml:21:9-23:69
211            android:name="com.google.android.gms.version"
211-->[com.google.android.gms:play-services-basement:18.5.0] AndroidManifest.xml:22:13-58
212            android:value="@integer/google_play_services_version" />
212-->[com.google.android.gms:play-services-basement:18.5.0] AndroidManifest.xml:23:13-66
213
214        <receiver
214-->[androidx.profileinstaller:profileinstaller:1.3.0] AndroidManifest.xml:34:9-52:20
215            android:name="androidx.profileinstaller.ProfileInstallReceiver"
215-->[androidx.profileinstaller:profileinstaller:1.3.0] AndroidManifest.xml:35:13-76
216            android:directBootAware="false"
216-->[androidx.profileinstaller:profileinstaller:1.3.0] AndroidManifest.xml:36:13-44
217            android:enabled="true"
217-->[androidx.profileinstaller:profileinstaller:1.3.0] AndroidManifest.xml:37:13-35
218            android:exported="true"
218-->[androidx.profileinstaller:profileinstaller:1.3.0] AndroidManifest.xml:38:13-36
219            android:permission="android.permission.DUMP" >
219-->[androidx.profileinstaller:profileinstaller:1.3.0] AndroidManifest.xml:39:13-57
220            <intent-filter>
220-->[androidx.profileinstaller:profileinstaller:1.3.0] AndroidManifest.xml:40:13-42:29
221                <action android:name="androidx.profileinstaller.action.INSTALL_PROFILE" />
221-->[androidx.profileinstaller:profileinstaller:1.3.0] AndroidManifest.xml:41:17-91
221-->[androidx.profileinstaller:profileinstaller:1.3.0] AndroidManifest.xml:41:25-88
222            </intent-filter>
223            <intent-filter>
223-->[androidx.profileinstaller:profileinstaller:1.3.0] AndroidManifest.xml:43:13-45:29
224                <action android:name="androidx.profileinstaller.action.SKIP_FILE" />
224-->[androidx.profileinstaller:profileinstaller:1.3.0] AndroidManifest.xml:44:17-85
224-->[androidx.profileinstaller:profileinstaller:1.3.0] AndroidManifest.xml:44:25-82
225            </intent-filter>
226            <intent-filter>
226-->[androidx.profileinstaller:profileinstaller:1.3.0] AndroidManifest.xml:46:13-48:29
227                <action android:name="androidx.profileinstaller.action.SAVE_PROFILE" />
227-->[androidx.profileinstaller:profileinstaller:1.3.0] AndroidManifest.xml:47:17-88
227-->[androidx.profileinstaller:profileinstaller:1.3.0] AndroidManifest.xml:47:25-85
228            </intent-filter>
229            <intent-filter>
229-->[androidx.profileinstaller:profileinstaller:1.3.0] AndroidManifest.xml:49:13-51:29
230                <action android:name="androidx.profileinstaller.action.BENCHMARK_OPERATION" />
230-->[androidx.profileinstaller:profileinstaller:1.3.0] AndroidManifest.xml:50:17-95
230-->[androidx.profileinstaller:profileinstaller:1.3.0] AndroidManifest.xml:50:25-92
231            </intent-filter>
232        </receiver> <!-- The activities will be merged into the manifest of the hosting app. -->
233        <activity
233-->[com.google.android.play:core-common:2.0.3] AndroidManifest.xml:14:9-18:65
234            android:name="com.google.android.play.core.common.PlayCoreDialogWrapperActivity"
234-->[com.google.android.play:core-common:2.0.3] AndroidManifest.xml:15:13-93
235            android:exported="false"
235-->[com.google.android.play:core-common:2.0.3] AndroidManifest.xml:16:13-37
236            android:stateNotNeeded="true"
236-->[com.google.android.play:core-common:2.0.3] AndroidManifest.xml:17:13-42
237            android:theme="@style/Theme.PlayCore.Transparent" />
237-->[com.google.android.play:core-common:2.0.3] AndroidManifest.xml:18:13-62
238    </application>
239
240</manifest>